{"C:\\ai-code-studio\\src\\components\\FileExplorer.tsx": {"path":"C:\\ai-code-studio\\src\\components\\FileExplorer.tsx","statementMap":{"0":{"start":{"line":22,"column":2},"end":{"line":22,"column":null}},"1":{"start":{"line":22,"column":53},"end":{"line":22,"column":null}},"2":{"start":{"line":23,"column":2},"end":{"line":23,"column":null}},"3":{"start":{"line":23,"column":53},"end":{"line":23,"column":null}},"4":{"start":{"line":24,"column":2},"end":{"line":24,"column":null}},"5":{"start":{"line":24,"column":55},"end":{"line":24,"column":null}},"6":{"start":{"line":25,"column":2},"end":{"line":25,"column":null}},"7":{"start":{"line":25,"column":30},"end":{"line":25,"column":null}},"8":{"start":{"line":26,"column":2},"end":{"line":26,"column":null}},"9":{"start":{"line":26,"column":30},"end":{"line":26,"column":null}},"10":{"start":{"line":27,"column":2},"end":{"line":27,"column":null}},"11":{"start":{"line":27,"column":28},"end":{"line":27,"column":null}},"12":{"start":{"line":28,"column":2},"end":{"line":28,"column":null}},"13":{"start":{"line":31,"column":21},"end":{"line":166,"column":null}},"14":{"start":{"line":45,"column":48},"end":{"line":45,"column":null}},"15":{"start":{"line":46,"column":42},"end":{"line":46,"column":null}},"16":{"start":{"line":48,"column":28},"end":{"line":53,"column":null}},"17":{"start":{"line":49,"column":4},"end":{"line":49,"column":null}},"18":{"start":{"line":50,"column":4},"end":{"line":50,"column":null}},"19":{"start":{"line":51,"column":4},"end":{"line":51,"column":null}},"20":{"start":{"line":52,"column":4},"end":{"line":52,"column":null}},"21":{"start":{"line":55,"column":27},"end":{"line":55,"column":null}},"22":{"start":{"line":55,"column":33},"end":{"line":55,"column":null}},"23":{"start":{"line":57,"column":2},"end":{"line":164,"column":null}},"24":{"start":{"line":75,"column":16},"end":{"line":75,"column":null}},"25":{"start":{"line":76,"column":16},"end":{"line":76,"column":null}},"26":{"start":{"line":96,"column":31},"end":{"line":96,"column":null}},"27":{"start":{"line":98,"column":16},"end":{"line":98,"column":null}},"28":{"start":{"line":98,"column":39},"end":{"line":98,"column":null}},"29":{"start":{"line":99,"column":16},"end":{"line":102,"column":null}},"30":{"start":{"line":100,"column":18},"end":{"line":100,"column":null}},"31":{"start":{"line":101,"column":18},"end":{"line":101,"column":null}},"32":{"start":{"line":105,"column":16},"end":{"line":108,"column":null}},"33":{"start":{"line":106,"column":18},"end":{"line":106,"column":null}},"34":{"start":{"line":107,"column":18},"end":{"line":107,"column":null}},"35":{"start":{"line":116,"column":14},"end":{"line":130,"column":null}},"36":{"start":{"line":119,"column":18},"end":{"line":119,"column":null}},"37":{"start":{"line":120,"column":18},"end":{"line":120,"column":null}},"38":{"start":{"line":121,"column":18},"end":{"line":121,"column":null}},"39":{"start":{"line":138,"column":8},"end":{"line":162,"column":null}},"40":{"start":{"line":140,"column":25},"end":{"line":140,"column":null}},"41":{"start":{"line":141,"column":32},"end":{"line":141,"column":null}},"42":{"start":{"line":154,"column":14},"end":{"line":154,"column":null}},"43":{"start":{"line":155,"column":14},"end":{"line":155,"column":null}}},"fnMap":{"0":{"name":"getFileIconColor","decl":{"start":{"line":21,"column":9},"end":{"line":21,"column":26}},"loc":{"start":{"line":21,"column":48},"end":{"line":29,"column":null}},"line":21},"1":{"name":"FileExplorer2","decl":{"start":{"line":31,"column":41},"end":{"line":31,"column":54}},"loc":{"start":{"line":44,"column":22},"end":{"line":166,"column":1}},"line":44},"2":{"name":"(anonymous_2)","decl":{"start":{"line":48,"column":28},"end":{"line":48,"column":29}},"loc":{"start":{"line":48,"column":69},"end":{"line":53,"column":null}},"line":48},"3":{"name":"(anonymous_3)","decl":{"start":{"line":55,"column":27},"end":{"line":55,"column":33}},"loc":{"start":{"line":55,"column":33},"end":{"line":55,"column":null}},"line":55},"4":{"name":"(anonymous_4)","decl":{"start":{"line":74,"column":23},"end":{"line":74,"column":24}},"loc":{"start":{"line":74,"column":30},"end":{"line":77,"column":null}},"line":74},"5":{"name":"(anonymous_5)","decl":{"start":{"line":96,"column":24},"end":{"line":96,"column":25}},"loc":{"start":{"line":96,"column":31},"end":{"line":96,"column":null}},"line":96},"6":{"name":"(anonymous_6)","decl":{"start":{"line":97,"column":25},"end":{"line":97,"column":26}},"loc":{"start":{"line":97,"column":32},"end":{"line":103,"column":null}},"line":97},"7":{"name":"(anonymous_7)","decl":{"start":{"line":104,"column":22},"end":{"line":104,"column":28}},"loc":{"start":{"line":104,"column":28},"end":{"line":109,"column":null}},"line":104},"8":{"name":"(anonymous_8)","decl":{"start":{"line":105,"column":27},"end":{"line":105,"column":33}},"loc":{"start":{"line":105,"column":33},"end":{"line":108,"column":19}},"line":105},"9":{"name":"(anonymous_9)","decl":{"start":{"line":115,"column":43},"end":{"line":115,"column":44}},"loc":{"start":{"line":116,"column":14},"end":{"line":130,"column":null}},"line":116},"10":{"name":"(anonymous_10)","decl":{"start":{"line":118,"column":29},"end":{"line":118,"column":30}},"loc":{"start":{"line":118,"column":36},"end":{"line":122,"column":null}},"line":118},"11":{"name":"(anonymous_11)","decl":{"start":{"line":137,"column":17},"end":{"line":137,"column":null}},"loc":{"start":{"line":138,"column":8},"end":{"line":162,"column":null}},"line":138},"12":{"name":"(anonymous_12)","decl":{"start":{"line":140,"column":19},"end":{"line":140,"column":25}},"loc":{"start":{"line":140,"column":25},"end":{"line":140,"column":null}},"line":140},"13":{"name":"(anonymous_13)","decl":{"start":{"line":141,"column":25},"end":{"line":141,"column":26}},"loc":{"start":{"line":141,"column":32},"end":{"line":141,"column":null}},"line":141},"14":{"name":"(anonymous_14)","decl":{"start":{"line":153,"column":21},"end":{"line":153,"column":22}},"loc":{"start":{"line":153,"column":28},"end":{"line":156,"column":null}},"line":153}},"branchMap":{"0":{"loc":{"start":{"line":22,"column":2},"end":{"line":22,"column":null}},"type":"if","locations":[{"start":{"line":22,"column":2},"end":{"line":22,"column":null}},{"start":{},"end":{}}],"line":22},"1":{"loc":{"start":{"line":22,"column":6},"end":{"line":22,"column":53}},"type":"binary-expr","locations":[{"start":{"line":22,"column":6},"end":{"line":22,"column":31}},{"start":{"line":22,"column":31},"end":{"line":22,"column":53}}],"line":22},"2":{"loc":{"start":{"line":23,"column":2},"end":{"line":23,"column":null}},"type":"if","locations":[{"start":{"line":23,"column":2},"end":{"line":23,"column":null}},{"start":{},"end":{}}],"line":23},"3":{"loc":{"start":{"line":23,"column":6},"end":{"line":23,"column":53}},"type":"binary-expr","locations":[{"start":{"line":23,"column":6},"end":{"line":23,"column":31}},{"start":{"line":23,"column":31},"end":{"line":23,"column":53}}],"line":23},"4":{"loc":{"start":{"line":24,"column":2},"end":{"line":24,"column":null}},"type":"if","locations":[{"start":{"line":24,"column":2},"end":{"line":24,"column":null}},{"start":{},"end":{}}],"line":24},"5":{"loc":{"start":{"line":24,"column":6},"end":{"line":24,"column":55}},"type":"binary-expr","locations":[{"start":{"line":24,"column":6},"end":{"line":24,"column":31}},{"start":{"line":24,"column":31},"end":{"line":24,"column":55}}],"line":24},"6":{"loc":{"start":{"line":25,"column":2},"end":{"line":25,"column":null}},"type":"if","locations":[{"start":{"line":25,"column":2},"end":{"line":25,"column":null}},{"start":{},"end":{}}],"line":25},"7":{"loc":{"start":{"line":26,"column":2},"end":{"line":26,"column":null}},"type":"if","locations":[{"start":{"line":26,"column":2},"end":{"line":26,"column":null}},{"start":{},"end":{}}],"line":26},"8":{"loc":{"start":{"line":27,"column":2},"end":{"line":27,"column":null}},"type":"if","locations":[{"start":{"line":27,"column":2},"end":{"line":27,"column":null}},{"start":{},"end":{}}],"line":27},"9":{"loc":{"start":{"line":59,"column":7},"end":{"line":60,"column":null}},"type":"binary-expr","locations":[{"start":{"line":59,"column":7},"end":{"line":59,"column":null}},{"start":{"line":60,"column":8},"end":{"line":60,"column":null}}],"line":59},"10":{"loc":{"start":{"line":64,"column":9},"end":{"line":83,"column":null}},"type":"binary-expr","locations":[{"start":{"line":64,"column":9},"end":{"line":64,"column":null}},{"start":{"line":65,"column":10},"end":{"line":83,"column":null}}],"line":64},"11":{"loc":{"start":{"line":88,"column":7},"end":{"line":133,"column":null}},"type":"binary-expr","locations":[{"start":{"line":88,"column":7},"end":{"line":88,"column":null}},{"start":{"line":89,"column":8},"end":{"line":133,"column":null}}],"line":88},"12":{"loc":{"start":{"line":98,"column":16},"end":{"line":98,"column":null}},"type":"if","locations":[{"start":{"line":98,"column":16},"end":{"line":98,"column":null}},{"start":{},"end":{}}],"line":98},"13":{"loc":{"start":{"line":99,"column":16},"end":{"line":102,"column":null}},"type":"if","locations":[{"start":{"line":99,"column":16},"end":{"line":102,"column":null}},{"start":{},"end":{}}],"line":99},"14":{"loc":{"start":{"line":120,"column":35},"end":{"line":120,"column":77}},"type":"binary-expr","locations":[{"start":{"line":120,"column":35},"end":{"line":120,"column":50}},{"start":{"line":120,"column":50},"end":{"line":120,"column":77}}],"line":120},"15":{"loc":{"start":{"line":124,"column":18},"end":{"line":126,"column":null}},"type":"cond-expr","locations":[{"start":{"line":125,"column":22},"end":{"line":125,"column":null}},{"start":{"line":126,"column":22},"end":{"line":126,"column":null}}],"line":124},"16":{"loc":{"start":{"line":143,"column":12},"end":{"line":145,"column":null}},"type":"cond-expr","locations":[{"start":{"line":144,"column":16},"end":{"line":144,"column":null}},{"start":{"line":145,"column":16},"end":{"line":145,"column":null}}],"line":143},"17":{"loc":{"start":{"line":149,"column":44},"end":{"line":149,"column":116}},"type":"cond-expr","locations":[{"start":{"line":149,"column":70},"end":{"line":149,"column":87}},{"start":{"line":149,"column":87},"end":{"line":149,"column":116}}],"line":149}},"s":{"0":38,"1":12,"2":26,"3":0,"4":26,"5":13,"6":13,"7":13,"8":0,"9":0,"10":0,"11":0,"12":0,"13":1,"14":14,"15":14,"16":14,"17":1,"18":1,"19":1,"20":1,"21":14,"22":0,"23":14,"24":0,"25":0,"26":1,"27":2,"28":1,"29":2,"30":1,"31":1,"32":0,"33":0,"34":0,"35":12,"36":1,"37":1,"38":1,"39":39,"40":1,"41":1,"42":1,"43":1},"f":{"0":38,"1":14,"2":1,"3":0,"4":0,"5":1,"6":2,"7":0,"8":0,"9":12,"10":1,"11":39,"12":1,"13":1,"14":1},"b":{"0":[12,26],"1":[38,38],"2":[0,26],"3":[26,26],"4":[13,13],"5":[26,13],"6":[13,0],"7":[0,0],"8":[0,0],"9":[14,1],"10":[14,1],"11":[14,6],"12":[1,1],"13":[1,1],"14":[1,1],"15":[0,12],"16":[1,38],"17":[1,38]},"meta":{"lastBranch":18,"lastFunction":15,"lastStatement":44,"seen":{"f:21:9:21:26":0,"b:22:2:22:Infinity:undefined:undefined:undefined:undefined":0,"s:22:2:22:Infinity":0,"b:22:6:22:31:22:31:22:53":1,"s:22:53:22:Infinity":1,"b:23:2:23:Infinity:undefined:undefined:undefined:undefined":2,"s:23:2:23:Infinity":2,"b:23:6:23:31:23:31:23:53":3,"s:23:53:23:Infinity":3,"b:24:2:24:Infinity:undefined:undefined:undefined:undefined":4,"s:24:2:24:Infinity":4,"b:24:6:24:31:24:31:24:55":5,"s:24:55:24:Infinity":5,"b:25:2:25:Infinity:undefined:undefined:undefined:undefined":6,"s:25:2:25:Infinity":6,"s:25:30:25:Infinity":7,"b:26:2:26:Infinity:undefined:undefined:undefined:undefined":7,"s:26:2:26:Infinity":8,"s:26:30:26:Infinity":9,"b:27:2:27:Infinity:undefined:undefined:undefined:undefined":8,"s:27:2:27:Infinity":10,"s:27:28:27:Infinity":11,"s:28:2:28:Infinity":12,"s:31:21:166:Infinity":13,"f:31:41:31:54":1,"s:45:48:45:Infinity":14,"s:46:42:46:Infinity":15,"s:48:28:53:Infinity":16,"f:48:28:48:29":2,"s:49:4:49:Infinity":17,"s:50:4:50:Infinity":18,"s:51:4:51:Infinity":19,"s:52:4:52:Infinity":20,"s:55:27:55:Infinity":21,"f:55:27:55:33":3,"s:55:33:55:Infinity":22,"s:57:2:164:Infinity":23,"b:59:7:59:Infinity:60:8:60:Infinity":9,"b:64:9:64:Infinity:65:10:83:Infinity":10,"f:74:23:74:24":4,"s:75:16:75:Infinity":24,"s:76:16:76:Infinity":25,"b:88:7:88:Infinity:89:8:133:Infinity":11,"f:96:24:96:25":5,"s:96:31:96:Infinity":26,"f:97:25:97:26":6,"b:98:16:98:Infinity:undefined:undefined:undefined:undefined":12,"s:98:16:98:Infinity":27,"s:98:39:98:Infinity":28,"b:99:16:102:Infinity:undefined:undefined:undefined:undefined":13,"s:99:16:102:Infinity":29,"s:100:18:100:Infinity":30,"s:101:18:101:Infinity":31,"f:104:22:104:28":7,"s:105:16:108:Infinity":32,"f:105:27:105:33":8,"s:106:18:106:Infinity":33,"s:107:18:107:Infinity":34,"f:115:43:115:44":9,"s:116:14:130:Infinity":35,"f:118:29:118:30":10,"s:119:18:119:Infinity":36,"s:120:18:120:Infinity":37,"b:120:35:120:50:120:50:120:77":14,"s:121:18:121:Infinity":38,"b:125:22:125:Infinity:126:22:126:Infinity":15,"f:137:17:137:Infinity":11,"s:138:8:162:Infinity":39,"f:140:19:140:25":12,"s:140:25:140:Infinity":40,"f:141:25:141:26":13,"s:141:32:141:Infinity":41,"b:144:16:144:Infinity:145:16:145:Infinity":16,"b:149:70:149:87:149:87:149:116":17,"f:153:21:153:22":14,"s:154:14:154:Infinity":42,"s:155:14:155:Infinity":43}}}
,"C:\\ai-code-studio\\src\\components\\Header.tsx": {"path":"C:\\ai-code-studio\\src\\components\\Header.tsx","statementMap":{"0":{"start":{"line":13,"column":15},"end":{"line":84,"column":null}},"1":{"start":{"line":20,"column":23},"end":{"line":22,"column":null}},"2":{"start":{"line":21,"column":4},"end":{"line":21,"column":null}},"3":{"start":{"line":24,"column":2},"end":{"line":82,"column":null}}},"fnMap":{"0":{"name":"Header2","decl":{"start":{"line":13,"column":35},"end":{"line":13,"column":42}},"loc":{"start":{"line":19,"column":16},"end":{"line":84,"column":1}},"line":19},"1":{"name":"(anonymous_1)","decl":{"start":{"line":20,"column":23},"end":{"line":20,"column":35}},"loc":{"start":{"line":20,"column":35},"end":{"line":22,"column":null}},"line":20}},"branchMap":{"0":{"loc":{"start":{"line":73,"column":12},"end":{"line":75,"column":null}},"type":"cond-expr","locations":[{"start":{"line":74,"column":16},"end":{"line":74,"column":null}},{"start":{"line":75,"column":16},"end":{"line":75,"column":null}}],"line":73}},"s":{"0":1,"1":13,"2":0,"3":13},"f":{"0":13,"1":0},"b":{"0":[2,11]},"meta":{"lastBranch":1,"lastFunction":2,"lastStatement":4,"seen":{"s:13:15:84:Infinity":0,"f:13:35:13:42":0,"s:20:23:22:Infinity":1,"f:20:23:20:35":1,"s:21:4:21:Infinity":2,"s:24:2:82:Infinity":3,"b:74:16:74:Infinity:75:16:75:Infinity":0}}}
,"C:\\ai-code-studio\\src\\constants\\index.ts": {"path":"C:\\ai-code-studio\\src\\constants\\index.ts","statementMap":{"0":{"start":{"line":4,"column":30},"end":{"line":12,"column":null}},"1":{"start":{"line":5,"column":2},"end":{"line":5,"column":null}},"2":{"start":{"line":5,"column":61},"end":{"line":5,"column":null}},"3":{"start":{"line":6,"column":2},"end":{"line":6,"column":null}},"4":{"start":{"line":6,"column":61},"end":{"line":6,"column":null}},"5":{"start":{"line":7,"column":2},"end":{"line":7,"column":null}},"6":{"start":{"line":7,"column":33},"end":{"line":7,"column":null}},"7":{"start":{"line":8,"column":2},"end":{"line":8,"column":null}},"8":{"start":{"line":8,"column":34},"end":{"line":8,"column":null}},"9":{"start":{"line":9,"column":2},"end":{"line":9,"column":null}},"10":{"start":{"line":9,"column":34},"end":{"line":9,"column":null}},"11":{"start":{"line":10,"column":2},"end":{"line":10,"column":null}},"12":{"start":{"line":10,"column":32},"end":{"line":10,"column":null}},"13":{"start":{"line":11,"column":2},"end":{"line":11,"column":null}},"14":{"start":{"line":15,"column":40},"end":{"line":15,"column":null}},"15":{"start":{"line":18,"column":60},"end":{"line":82,"column":null}}},"fnMap":{"0":{"name":"(anonymous_0)","decl":{"start":{"line":4,"column":30},"end":{"line":4,"column":31}},"loc":{"start":{"line":4,"column":62},"end":{"line":12,"column":null}},"line":4}},"branchMap":{"0":{"loc":{"start":{"line":5,"column":2},"end":{"line":5,"column":null}},"type":"if","locations":[{"start":{"line":5,"column":2},"end":{"line":5,"column":null}},{"start":{},"end":{}}],"line":5},"1":{"loc":{"start":{"line":5,"column":6},"end":{"line":5,"column":61}},"type":"binary-expr","locations":[{"start":{"line":5,"column":6},"end":{"line":5,"column":34}},{"start":{"line":5,"column":34},"end":{"line":5,"column":61}}],"line":5},"2":{"loc":{"start":{"line":6,"column":2},"end":{"line":6,"column":null}},"type":"if","locations":[{"start":{"line":6,"column":2},"end":{"line":6,"column":null}},{"start":{},"end":{}}],"line":6},"3":{"loc":{"start":{"line":6,"column":6},"end":{"line":6,"column":61}},"type":"binary-expr","locations":[{"start":{"line":6,"column":6},"end":{"line":6,"column":34}},{"start":{"line":6,"column":34},"end":{"line":6,"column":61}}],"line":6},"4":{"loc":{"start":{"line":7,"column":2},"end":{"line":7,"column":null}},"type":"if","locations":[{"start":{"line":7,"column":2},"end":{"line":7,"column":null}},{"start":{},"end":{}}],"line":7},"5":{"loc":{"start":{"line":8,"column":2},"end":{"line":8,"column":null}},"type":"if","locations":[{"start":{"line":8,"column":2},"end":{"line":8,"column":null}},{"start":{},"end":{}}],"line":8},"6":{"loc":{"start":{"line":9,"column":2},"end":{"line":9,"column":null}},"type":"if","locations":[{"start":{"line":9,"column":2},"end":{"line":9,"column":null}},{"start":{},"end":{}}],"line":9},"7":{"loc":{"start":{"line":10,"column":2},"end":{"line":10,"column":null}},"type":"if","locations":[{"start":{"line":10,"column":2},"end":{"line":10,"column":null}},{"start":{},"end":{}}],"line":10}},"s":{"0":2,"1":19,"2":9,"3":10,"4":2,"5":8,"6":1,"7":7,"8":1,"9":6,"10":1,"11":5,"12":1,"13":4,"14":2,"15":2},"f":{"0":19},"b":{"0":[9,10],"1":[19,12],"2":[2,8],"3":[10,9],"4":[1,7],"5":[1,6],"6":[1,5],"7":[1,4]},"meta":{"lastBranch":8,"lastFunction":1,"lastStatement":16,"seen":{"s:4:30:12:Infinity":0,"f:4:30:4:31":0,"b:5:2:5:Infinity:undefined:undefined:undefined:undefined":0,"s:5:2:5:Infinity":1,"b:5:6:5:34:5:34:5:61":1,"s:5:61:5:Infinity":2,"b:6:2:6:Infinity:undefined:undefined:undefined:undefined":2,"s:6:2:6:Infinity":3,"b:6:6:6:34:6:34:6:61":3,"s:6:61:6:Infinity":4,"b:7:2:7:Infinity:undefined:undefined:undefined:undefined":4,"s:7:2:7:Infinity":5,"s:7:33:7:Infinity":6,"b:8:2:8:Infinity:undefined:undefined:undefined:undefined":5,"s:8:2:8:Infinity":7,"s:8:34:8:Infinity":8,"b:9:2:9:Infinity:undefined:undefined:undefined:undefined":6,"s:9:2:9:Infinity":9,"s:9:34:9:Infinity":10,"b:10:2:10:Infinity:undefined:undefined:undefined:undefined":7,"s:10:2:10:Infinity":11,"s:10:32:10:Infinity":12,"s:11:2:11:Infinity":13,"s:15:40:15:Infinity":14,"s:18:60:82:Infinity":15}}}
,"C:\\ai-code-studio\\src\\hooks\\useFiles.ts": {"path":"C:\\ai-code-studio\\src\\hooks\\useFiles.ts","statementMap":{"0":{"start":{"line":10,"column":8},"end":{"line":10,"column":null}},"1":{"start":{"line":11,"column":2},"end":{"line":14,"column":null}},"2":{"start":{"line":12,"column":4},"end":{"line":12,"column":null}},"3":{"start":{"line":12,"column":28},"end":{"line":12,"column":null}},"4":{"start":{"line":13,"column":4},"end":{"line":13,"column":null}},"5":{"start":{"line":13,"column":42},"end":{"line":13,"column":61}},"6":{"start":{"line":18,"column":24},"end":{"line":18,"column":null}},"7":{"start":{"line":19,"column":30},"end":{"line":19,"column":null}},"8":{"start":{"line":20,"column":36},"end":{"line":20,"column":null}},"9":{"start":{"line":21,"column":38},"end":{"line":21,"column":null}},"10":{"start":{"line":23,"column":42},"end":{"line":23,"column":null}},"11":{"start":{"line":24,"column":42},"end":{"line":26,"column":null}},"12":{"start":{"line":28,"column":42},"end":{"line":28,"column":null}},"13":{"start":{"line":29,"column":36},"end":{"line":29,"column":null}},"14":{"start":{"line":30,"column":46},"end":{"line":30,"column":null}},"15":{"start":{"line":31,"column":38},"end":{"line":31,"column":null}},"16":{"start":{"line":33,"column":21},"end":{"line":33,"column":null}},"17":{"start":{"line":33,"column":37},"end":{"line":33,"column":57}},"18":{"start":{"line":36,"column":24},"end":{"line":47,"column":null}},"19":{"start":{"line":37,"column":4},"end":{"line":46,"column":null}},"20":{"start":{"line":38,"column":6},"end":{"line":38,"column":null}},"21":{"start":{"line":39,"column":6},"end":{"line":43,"column":null}},"22":{"start":{"line":40,"column":21},"end":{"line":40,"column":null}},"23":{"start":{"line":41,"column":8},"end":{"line":41,"column":null}},"24":{"start":{"line":42,"column":8},"end":{"line":42,"column":null}},"25":{"start":{"line":45,"column":6},"end":{"line":45,"column":null}},"26":{"start":{"line":49,"column":8},"end":{"line":55,"column":null}},"27":{"start":{"line":50,"column":4},"end":{"line":54,"column":null}},"28":{"start":{"line":51,"column":6},"end":{"line":51,"column":null}},"29":{"start":{"line":53,"column":6},"end":{"line":53,"column":null}},"30":{"start":{"line":57,"column":8},"end":{"line":92,"column":null}},"31":{"start":{"line":58,"column":4},"end":{"line":91,"column":null}},"32":{"start":{"line":59,"column":26},"end":{"line":59,"column":null}},"33":{"start":{"line":60,"column":6},"end":{"line":88,"column":null}},"34":{"start":{"line":61,"column":8},"end":{"line":83,"column":null}},"35":{"start":{"line":64,"column":25},"end":{"line":65,"column":null}},"36":{"start":{"line":65,"column":38},"end":{"line":65,"column":98}},"37":{"start":{"line":67,"column":10},"end":{"line":80,"column":null}},"38":{"start":{"line":69,"column":35},"end":{"line":69,"column":null}},"39":{"start":{"line":70,"column":28},"end":{"line":78,"column":null}},"40":{"start":{"line":71,"column":33},"end":{"line":71,"column":null}},"41":{"start":{"line":71,"column":56},"end":{"line":71,"column":78}},"42":{"start":{"line":72,"column":14},"end":{"line":76,"column":null}},"43":{"start":{"line":73,"column":16},"end":{"line":73,"column":null}},"44":{"start":{"line":73,"column":50},"end":{"line":73,"column":null}},"45":{"start":{"line":74,"column":16},"end":{"line":74,"column":null}},"46":{"start":{"line":75,"column":16},"end":{"line":75,"column":null}},"47":{"start":{"line":77,"column":14},"end":{"line":77,"column":null}},"48":{"start":{"line":79,"column":12},"end":{"line":79,"column":null}},"49":{"start":{"line":82,"column":10},"end":{"line":82,"column":null}},"50":{"start":{"line":84,"column":6},"end":{"line":88,"column":null}},"51":{"start":{"line":85,"column":8},"end":{"line":85,"column":null}},"52":{"start":{"line":86,"column":8},"end":{"line":86,"column":null}},"53":{"start":{"line":87,"column":8},"end":{"line":87,"column":null}},"54":{"start":{"line":90,"column":6},"end":{"line":90,"column":null}},"55":{"start":{"line":94,"column":2},"end":{"line":99,"column":null}},"56":{"start":{"line":95,"column":4},"end":{"line":95,"column":null}},"57":{"start":{"line":97,"column":23},"end":{"line":97,"column":null}},"58":{"start":{"line":98,"column":4},"end":{"line":98,"column":null}},"59":{"start":{"line":98,"column":17},"end":{"line":98,"column":null}},"60":{"start":{"line":102,"column":2},"end":{"line":107,"column":null}},"61":{"start":{"line":103,"column":4},"end":{"line":106,"column":null}},"62":{"start":{"line":104,"column":28},"end":{"line":104,"column":null}},"63":{"start":{"line":105,"column":6},"end":{"line":105,"column":null}},"64":{"start":{"line":110,"column":2},"end":{"line":127,"column":null}},"65":{"start":{"line":111,"column":4},"end":{"line":126,"column":null}},"66":{"start":{"line":112,"column":24},"end":{"line":112,"column":null}},"67":{"start":{"line":113,"column":7},"end":{"line":125,"column":null}},"68":{"start":{"line":115,"column":21},"end":{"line":115,"column":null}},"69":{"start":{"line":116,"column":10},"end":{"line":118,"column":null}},"70":{"start":{"line":117,"column":13},"end":{"line":117,"column":null}},"71":{"start":{"line":119,"column":10},"end":{"line":119,"column":null}},"72":{"start":{"line":120,"column":10},"end":{"line":120,"column":null}},"73":{"start":{"line":121,"column":10},"end":{"line":121,"column":null}},"74":{"start":{"line":121,"column":49},"end":{"line":121,"column":75}},"75":{"start":{"line":121,"column":86},"end":{"line":121,"column":90}},"76":{"start":{"line":122,"column":10},"end":{"line":124,"column":null}},"77":{"start":{"line":123,"column":14},"end":{"line":123,"column":null}},"78":{"start":{"line":129,"column":8},"end":{"line":133,"column":null}},"79":{"start":{"line":130,"column":4},"end":{"line":130,"column":null}},"80":{"start":{"line":130,"column":21},"end":{"line":130,"column":92}},"81":{"start":{"line":130,"column":35},"end":{"line":130,"column":91}},"82":{"start":{"line":131,"column":4},"end":{"line":131,"column":null}},"83":{"start":{"line":131,"column":28},"end":{"line":131,"column":58}},"84":{"start":{"line":132,"column":4},"end":{"line":132,"column":null}},"85":{"start":{"line":135,"column":8},"end":{"line":138,"column":null}},"86":{"start":{"line":136,"column":4},"end":{"line":136,"column":null}},"87":{"start":{"line":136,"column":24},"end":{"line":136,"column":64}},"88":{"start":{"line":137,"column":4},"end":{"line":137,"column":null}},"89":{"start":{"line":140,"column":8},"end":{"line":149,"column":null}},"90":{"start":{"line":141,"column":4},"end":{"line":141,"column":null}},"91":{"start":{"line":142,"column":4},"end":{"line":148,"column":null}},"92":{"start":{"line":143,"column":22},"end":{"line":143,"column":null}},"93":{"start":{"line":143,"column":39},"end":{"line":143,"column":47}},"94":{"start":{"line":144,"column":6},"end":{"line":146,"column":null}},"95":{"start":{"line":145,"column":8},"end":{"line":145,"column":null}},"96":{"start":{"line":147,"column":6},"end":{"line":147,"column":null}},"97":{"start":{"line":151,"column":8},"end":{"line":154,"column":null}},"98":{"start":{"line":152,"column":4},"end":{"line":152,"column":null}},"99":{"start":{"line":153,"column":4},"end":{"line":153,"column":null}},"100":{"start":{"line":156,"column":8},"end":{"line":159,"column":null}},"101":{"start":{"line":157,"column":4},"end":{"line":157,"column":null}},"102":{"start":{"line":158,"column":4},"end":{"line":158,"column":null}},"103":{"start":{"line":161,"column":8},"end":{"line":183,"column":null}},"104":{"start":{"line":162,"column":4},"end":{"line":166,"column":null}},"105":{"start":{"line":163,"column":6},"end":{"line":163,"column":null}},"106":{"start":{"line":164,"column":6},"end":{"line":164,"column":null}},"107":{"start":{"line":165,"column":6},"end":{"line":165,"column":null}},"108":{"start":{"line":167,"column":20},"end":{"line":167,"column":null}},"109":{"start":{"line":168,"column":30},"end":{"line":175,"column":null}},"110":{"start":{"line":176,"column":4},"end":{"line":176,"column":null}},"111":{"start":{"line":176,"column":21},"end":{"line":176,"column":39}},"112":{"start":{"line":177,"column":4},"end":{"line":177,"column":null}},"113":{"start":{"line":177,"column":24},"end":{"line":177,"column":45}},"114":{"start":{"line":178,"column":4},"end":{"line":178,"column":null}},"115":{"start":{"line":179,"column":4},"end":{"line":179,"column":null}},"116":{"start":{"line":180,"column":4},"end":{"line":180,"column":null}},"117":{"start":{"line":181,"column":4},"end":{"line":181,"column":null}},"118":{"start":{"line":182,"column":4},"end":{"line":182,"column":null}},"119":{"start":{"line":185,"column":8},"end":{"line":200,"column":null}},"120":{"start":{"line":186,"column":4},"end":{"line":186,"column":null}},"121":{"start":{"line":187,"column":4},"end":{"line":199,"column":null}},"122":{"start":{"line":188,"column":6},"end":{"line":188,"column":null}},"123":{"start":{"line":189,"column":6},"end":{"line":189,"column":null}},"124":{"start":{"line":189,"column":23},"end":{"line":189,"column":52}},"125":{"start":{"line":189,"column":40},"end":{"line":189,"column":51}},"126":{"start":{"line":190,"column":6},"end":{"line":196,"column":null}},"127":{"start":{"line":191,"column":24},"end":{"line":191,"column":null}},"128":{"start":{"line":191,"column":41},"end":{"line":191,"column":49}},"129":{"start":{"line":192,"column":8},"end":{"line":194,"column":null}},"130":{"start":{"line":193,"column":10},"end":{"line":193,"column":null}},"131":{"start":{"line":195,"column":8},"end":{"line":195,"column":null}},"132":{"start":{"line":198,"column":6},"end":{"line":198,"column":null}},"133":{"start":{"line":202,"column":8},"end":{"line":215,"column":null}},"134":{"start":{"line":203,"column":10},"end":{"line":203,"column":null}},"135":{"start":{"line":204,"column":24},"end":{"line":204,"column":null}},"136":{"start":{"line":205,"column":4},"end":{"line":211,"column":null}},"137":{"start":{"line":206,"column":23},"end":{"line":206,"column":null}},"138":{"start":{"line":206,"column":38},"end":{"line":206,"column":78}},"139":{"start":{"line":207,"column":6},"end":{"line":209,"column":null}},"140":{"start":{"line":208,"column":8},"end":{"line":208,"column":null}},"141":{"start":{"line":208,"column":29},"end":{"line":208,"column":112}},"142":{"start":{"line":210,"column":6},"end":{"line":210,"column":null}},"143":{"start":{"line":212,"column":4},"end":{"line":212,"column":null}},"144":{"start":{"line":212,"column":24},"end":{"line":212,"column":76}},"145":{"start":{"line":213,"column":4},"end":{"line":213,"column":null}},"146":{"start":{"line":214,"column":4},"end":{"line":214,"column":null}},"147":{"start":{"line":217,"column":8},"end":{"line":282,"column":null}},"148":{"start":{"line":218,"column":4},"end":{"line":222,"column":null}},"149":{"start":{"line":219,"column":6},"end":{"line":219,"column":null}},"150":{"start":{"line":220,"column":6},"end":{"line":220,"column":null}},"151":{"start":{"line":220,"column":32},"end":{"line":220,"column":113}},"152":{"start":{"line":221,"column":6},"end":{"line":221,"column":null}},"153":{"start":{"line":223,"column":4},"end":{"line":227,"column":null}},"154":{"start":{"line":224,"column":6},"end":{"line":224,"column":null}},"155":{"start":{"line":225,"column":6},"end":{"line":225,"column":null}},"156":{"start":{"line":225,"column":32},"end":{"line":225,"column":191}},"157":{"start":{"line":226,"column":6},"end":{"line":226,"column":null}},"158":{"start":{"line":228,"column":4},"end":{"line":232,"column":null}},"159":{"start":{"line":229,"column":6},"end":{"line":229,"column":null}},"160":{"start":{"line":230,"column":6},"end":{"line":230,"column":null}},"161":{"start":{"line":230,"column":32},"end":{"line":230,"column":149}},"162":{"start":{"line":231,"column":6},"end":{"line":231,"column":null}},"163":{"start":{"line":233,"column":4},"end":{"line":237,"column":null}},"164":{"start":{"line":234,"column":6},"end":{"line":234,"column":null}},"165":{"start":{"line":235,"column":6},"end":{"line":235,"column":null}},"166":{"start":{"line":235,"column":32},"end":{"line":235,"column":183}},"167":{"start":{"line":236,"column":6},"end":{"line":236,"column":null}},"168":{"start":{"line":239,"column":4},"end":{"line":239,"column":null}},"169":{"start":{"line":240,"column":4},"end":{"line":240,"column":null}},"170":{"start":{"line":242,"column":4},"end":{"line":281,"column":null}},"171":{"start":{"line":243,"column":23},"end":{"line":243,"column":null}},"172":{"start":{"line":245,"column":6},"end":{"line":249,"column":null}},"173":{"start":{"line":246,"column":26},"end":{"line":246,"column":null}},"174":{"start":{"line":247,"column":8},"end":{"line":247,"column":null}},"175":{"start":{"line":247,"column":34},"end":{"line":247,"column":97}},"176":{"start":{"line":248,"column":8},"end":{"line":248,"column":null}},"177":{"start":{"line":251,"column":6},"end":{"line":251,"column":null}},"178":{"start":{"line":251,"column":26},"end":{"line":251,"column":null}},"179":{"start":{"line":252,"column":21},"end":{"line":252,"column":null}},"180":{"start":{"line":253,"column":22},"end":{"line":253,"column":null}},"181":{"start":{"line":254,"column":19},"end":{"line":254,"column":null}},"182":{"start":{"line":256,"column":6},"end":{"line":278,"column":null}},"183":{"start":{"line":257,"column":32},"end":{"line":257,"column":null}},"184":{"start":{"line":258,"column":8},"end":{"line":258,"column":null}},"185":{"start":{"line":258,"column":18},"end":{"line":258,"column":null}},"186":{"start":{"line":260,"column":8},"end":{"line":260,"column":null}},"187":{"start":{"line":261,"column":22},"end":{"line":261,"column":null}},"188":{"start":{"line":262,"column":8},"end":{"line":262,"column":null}},"189":{"start":{"line":264,"column":8},"end":{"line":277,"column":null}},"190":{"start":{"line":265,"column":10},"end":{"line":276,"column":null}},"191":{"start":{"line":266,"column":12},"end":{"line":275,"column":null}},"192":{"start":{"line":267,"column":27},"end":{"line":267,"column":null}},"193":{"start":{"line":268,"column":14},"end":{"line":272,"column":null}},"194":{"start":{"line":269,"column":16},"end":{"line":269,"column":null}},"195":{"start":{"line":269,"column":42},"end":{"line":269,"column":123}},"196":{"start":{"line":271,"column":16},"end":{"line":271,"column":null}},"197":{"start":{"line":271,"column":42},"end":{"line":271,"column":99}},"198":{"start":{"line":274,"column":14},"end":{"line":274,"column":null}},"199":{"start":{"line":280,"column":6},"end":{"line":280,"column":null}},"200":{"start":{"line":280,"column":32},"end":{"line":280,"column":82}},"201":{"start":{"line":284,"column":2},"end":{"line":307,"column":null}}},"fnMap":{"0":{"name":"useDebouncedCallback","decl":{"start":{"line":9,"column":9},"end":{"line":9,"column":66}},"loc":{"start":{"line":9,"column":97},"end":{"line":15,"column":null}},"line":9},"1":{"name":"(anonymous_1)","decl":{"start":{"line":11,"column":21},"end":{"line":11,"column":25}},"loc":{"start":{"line":11,"column":41},"end":{"line":14,"column":5}},"line":11},"2":{"name":"(anonymous_2)","decl":{"start":{"line":13,"column":36},"end":{"line":13,"column":42}},"loc":{"start":{"line":13,"column":42},"end":{"line":13,"column":61}},"line":13},"3":{"name":"useFiles","decl":{"start":{"line":17,"column":16},"end":{"line":17,"column":27}},"loc":{"start":{"line":17,"column":27},"end":{"line":308,"column":null}},"line":17},"4":{"name":"(anonymous_4)","decl":{"start":{"line":33,"column":32},"end":{"line":33,"column":37}},"loc":{"start":{"line":33,"column":37},"end":{"line":33,"column":57}},"line":33},"5":{"name":"(anonymous_5)","decl":{"start":{"line":36,"column":45},"end":{"line":36,"column":52}},"loc":{"start":{"line":36,"column":84},"end":{"line":47,"column":5}},"line":36},"6":{"name":"(anonymous_6)","decl":{"start":{"line":39,"column":22},"end":{"line":39,"column":30}},"loc":{"start":{"line":39,"column":30},"end":{"line":43,"column":7}},"line":39},"7":{"name":"(anonymous_7)","decl":{"start":{"line":49,"column":40},"end":{"line":49,"column":47}},"loc":{"start":{"line":49,"column":79},"end":{"line":55,"column":5}},"line":49},"8":{"name":"(anonymous_8)","decl":{"start":{"line":57,"column":33},"end":{"line":57,"column":45}},"loc":{"start":{"line":57,"column":45},"end":{"line":92,"column":5}},"line":57},"9":{"name":"(anonymous_9)","decl":{"start":{"line":61,"column":17},"end":{"line":61,"column":30}},"loc":{"start":{"line":61,"column":30},"end":{"line":83,"column":9}},"line":61},"10":{"name":"(anonymous_10)","decl":{"start":{"line":65,"column":28},"end":{"line":65,"column":29}},"loc":{"start":{"line":65,"column":38},"end":{"line":65,"column":98}},"line":65},"11":{"name":"(anonymous_11)","decl":{"start":{"line":70,"column":42},"end":{"line":70,"column":55}},"loc":{"start":{"line":70,"column":55},"end":{"line":78,"column":13}},"line":70},"12":{"name":"(anonymous_12)","decl":{"start":{"line":71,"column":50},"end":{"line":71,"column":56}},"loc":{"start":{"line":71,"column":56},"end":{"line":71,"column":78}},"line":71},"13":{"name":"(anonymous_13)","decl":{"start":{"line":94,"column":12},"end":{"line":94,"column":18}},"loc":{"start":{"line":94,"column":18},"end":{"line":99,"column":5}},"line":94},"14":{"name":"(anonymous_14)","decl":{"start":{"line":98,"column":11},"end":{"line":98,"column":17}},"loc":{"start":{"line":98,"column":17},"end":{"line":98,"column":null}},"line":98},"15":{"name":"(anonymous_15)","decl":{"start":{"line":102,"column":12},"end":{"line":102,"column":18}},"loc":{"start":{"line":102,"column":18},"end":{"line":107,"column":5}},"line":102},"16":{"name":"(anonymous_16)","decl":{"start":{"line":110,"column":12},"end":{"line":110,"column":18}},"loc":{"start":{"line":110,"column":18},"end":{"line":127,"column":5}},"line":110},"17":{"name":"(anonymous_17)","decl":{"start":{"line":111,"column":5},"end":{"line":111,"column":17}},"loc":{"start":{"line":111,"column":17},"end":{"line":126,"column":7}},"line":111},"18":{"name":"(anonymous_18)","decl":{"start":{"line":121,"column":44},"end":{"line":121,"column":49}},"loc":{"start":{"line":121,"column":49},"end":{"line":121,"column":75}},"line":121},"19":{"name":"(anonymous_19)","decl":{"start":{"line":121,"column":81},"end":{"line":121,"column":86}},"loc":{"start":{"line":121,"column":86},"end":{"line":121,"column":90}},"line":121},"20":{"name":"(anonymous_20)","decl":{"start":{"line":129,"column":39},"end":{"line":129,"column":40}},"loc":{"start":{"line":129,"column":63},"end":{"line":133,"column":5}},"line":129},"21":{"name":"(anonymous_21)","decl":{"start":{"line":130,"column":13},"end":{"line":130,"column":21}},"loc":{"start":{"line":130,"column":21},"end":{"line":130,"column":92}},"line":130},"22":{"name":"(anonymous_22)","decl":{"start":{"line":130,"column":30},"end":{"line":130,"column":35}},"loc":{"start":{"line":130,"column":35},"end":{"line":130,"column":91}},"line":130},"23":{"name":"(anonymous_23)","decl":{"start":{"line":131,"column":20},"end":{"line":131,"column":28}},"loc":{"start":{"line":131,"column":28},"end":{"line":131,"column":58}},"line":131},"24":{"name":"(anonymous_24)","decl":{"start":{"line":135,"column":31},"end":{"line":135,"column":32}},"loc":{"start":{"line":135,"column":47},"end":{"line":138,"column":5}},"line":135},"25":{"name":"(anonymous_25)","decl":{"start":{"line":136,"column":16},"end":{"line":136,"column":24}},"loc":{"start":{"line":136,"column":24},"end":{"line":136,"column":64}},"line":136},"26":{"name":"(anonymous_26)","decl":{"start":{"line":140,"column":31},"end":{"line":140,"column":32}},"loc":{"start":{"line":140,"column":68},"end":{"line":149,"column":5}},"line":140},"27":{"name":"(anonymous_27)","decl":{"start":{"line":142,"column":16},"end":{"line":142,"column":24}},"loc":{"start":{"line":142,"column":24},"end":{"line":148,"column":5}},"line":142},"28":{"name":"(anonymous_28)","decl":{"start":{"line":143,"column":34},"end":{"line":143,"column":39}},"loc":{"start":{"line":143,"column":39},"end":{"line":143,"column":47}},"line":143},"29":{"name":"(anonymous_29)","decl":{"start":{"line":151,"column":37},"end":{"line":151,"column":38}},"loc":{"start":{"line":151,"column":53},"end":{"line":154,"column":5}},"line":151},"30":{"name":"(anonymous_30)","decl":{"start":{"line":156,"column":35},"end":{"line":156,"column":41}},"loc":{"start":{"line":156,"column":41},"end":{"line":159,"column":5}},"line":156},"31":{"name":"(anonymous_31)","decl":{"start":{"line":161,"column":39},"end":{"line":161,"column":40}},"loc":{"start":{"line":161,"column":111},"end":{"line":183,"column":5}},"line":161},"32":{"name":"(anonymous_32)","decl":{"start":{"line":176,"column":13},"end":{"line":176,"column":21}},"loc":{"start":{"line":176,"column":21},"end":{"line":176,"column":39}},"line":176},"33":{"name":"(anonymous_33)","decl":{"start":{"line":177,"column":16},"end":{"line":177,"column":24}},"loc":{"start":{"line":177,"column":24},"end":{"line":177,"column":45}},"line":177},"34":{"name":"(anonymous_34)","decl":{"start":{"line":185,"column":39},"end":{"line":185,"column":46}},"loc":{"start":{"line":185,"column":82},"end":{"line":200,"column":5}},"line":185},"35":{"name":"(anonymous_35)","decl":{"start":{"line":189,"column":15},"end":{"line":189,"column":23}},"loc":{"start":{"line":189,"column":23},"end":{"line":189,"column":52}},"line":189},"36":{"name":"(anonymous_36)","decl":{"start":{"line":189,"column":35},"end":{"line":189,"column":40}},"loc":{"start":{"line":189,"column":40},"end":{"line":189,"column":51}},"line":189},"37":{"name":"(anonymous_37)","decl":{"start":{"line":190,"column":18},"end":{"line":190,"column":26}},"loc":{"start":{"line":190,"column":26},"end":{"line":196,"column":7}},"line":190},"38":{"name":"(anonymous_38)","decl":{"start":{"line":191,"column":36},"end":{"line":191,"column":41}},"loc":{"start":{"line":191,"column":41},"end":{"line":191,"column":49}},"line":191},"39":{"name":"(anonymous_39)","decl":{"start":{"line":202,"column":41},"end":{"line":202,"column":42}},"loc":{"start":{"line":202,"column":80},"end":{"line":215,"column":5}},"line":202},"40":{"name":"(anonymous_40)","decl":{"start":{"line":205,"column":13},"end":{"line":205,"column":21}},"loc":{"start":{"line":205,"column":21},"end":{"line":211,"column":5}},"line":205},"41":{"name":"(anonymous_41)","decl":{"start":{"line":206,"column":33},"end":{"line":206,"column":38}},"loc":{"start":{"line":206,"column":38},"end":{"line":206,"column":78}},"line":206},"42":{"name":"(anonymous_42)","decl":{"start":{"line":208,"column":24},"end":{"line":208,"column":29}},"loc":{"start":{"line":208,"column":29},"end":{"line":208,"column":112}},"line":208},"43":{"name":"(anonymous_43)","decl":{"start":{"line":212,"column":16},"end":{"line":212,"column":24}},"loc":{"start":{"line":212,"column":24},"end":{"line":212,"column":76}},"line":212},"44":{"name":"(anonymous_44)","decl":{"start":{"line":217,"column":30},"end":{"line":217,"column":42}},"loc":{"start":{"line":217,"column":42},"end":{"line":282,"column":5}},"line":217},"45":{"name":"(anonymous_45)","decl":{"start":{"line":220,"column":24},"end":{"line":220,"column":32}},"loc":{"start":{"line":220,"column":32},"end":{"line":220,"column":113}},"line":220},"46":{"name":"(anonymous_46)","decl":{"start":{"line":225,"column":24},"end":{"line":225,"column":32}},"loc":{"start":{"line":225,"column":32},"end":{"line":225,"column":191}},"line":225},"47":{"name":"(anonymous_47)","decl":{"start":{"line":230,"column":24},"end":{"line":230,"column":32}},"loc":{"start":{"line":230,"column":32},"end":{"line":230,"column":149}},"line":230},"48":{"name":"(anonymous_48)","decl":{"start":{"line":235,"column":24},"end":{"line":235,"column":32}},"loc":{"start":{"line":235,"column":32},"end":{"line":235,"column":183}},"line":235},"49":{"name":"(anonymous_49)","decl":{"start":{"line":247,"column":26},"end":{"line":247,"column":34}},"loc":{"start":{"line":247,"column":34},"end":{"line":247,"column":97}},"line":247},"50":{"name":"(anonymous_50)","decl":{"start":{"line":269,"column":34},"end":{"line":269,"column":42}},"loc":{"start":{"line":269,"column":42},"end":{"line":269,"column":123}},"line":269},"51":{"name":"(anonymous_51)","decl":{"start":{"line":271,"column":34},"end":{"line":271,"column":42}},"loc":{"start":{"line":271,"column":42},"end":{"line":271,"column":99}},"line":271},"52":{"name":"(anonymous_52)","decl":{"start":{"line":280,"column":24},"end":{"line":280,"column":32}},"loc":{"start":{"line":280,"column":32},"end":{"line":280,"column":82}},"line":280}},"branchMap":{"0":{"loc":{"start":{"line":12,"column":4},"end":{"line":12,"column":null}},"type":"if","locations":[{"start":{"line":12,"column":4},"end":{"line":12,"column":null}},{"start":{},"end":{}}],"line":12},"1":{"loc":{"start":{"line":60,"column":6},"end":{"line":88,"column":null}},"type":"if","locations":[{"start":{"line":60,"column":6},"end":{"line":88,"column":null}},{"start":{"line":84,"column":6},"end":{"line":88,"column":null}}],"line":60},"2":{"loc":{"start":{"line":60,"column":10},"end":{"line":60,"column":49}},"type":"binary-expr","locations":[{"start":{"line":60,"column":10},"end":{"line":60,"column":25}},{"start":{"line":60,"column":25},"end":{"line":60,"column":49}}],"line":60},"3":{"loc":{"start":{"line":64,"column":25},"end":{"line":65,"column":null}},"type":"binary-expr","locations":[{"start":{"line":64,"column":25},"end":{"line":64,"column":null}},{"start":{"line":65,"column":12},"end":{"line":65,"column":null}}],"line":64},"4":{"loc":{"start":{"line":65,"column":38},"end":{"line":65,"column":98}},"type":"binary-expr","locations":[{"start":{"line":65,"column":38},"end":{"line":65,"column":68}},{"start":{"line":65,"column":68},"end":{"line":65,"column":98}}],"line":65},"5":{"loc":{"start":{"line":67,"column":10},"end":{"line":80,"column":null}},"type":"if","locations":[{"start":{"line":67,"column":10},"end":{"line":80,"column":null}},{"start":{},"end":{}}],"line":67},"6":{"loc":{"start":{"line":72,"column":14},"end":{"line":76,"column":null}},"type":"if","locations":[{"start":{"line":72,"column":14},"end":{"line":76,"column":null}},{"start":{},"end":{}}],"line":72},"7":{"loc":{"start":{"line":72,"column":18},"end":{"line":72,"column":74}},"type":"binary-expr","locations":[{"start":{"line":72,"column":18},"end":{"line":72,"column":32}},{"start":{"line":72,"column":32},"end":{"line":72,"column":74}}],"line":72},"8":{"loc":{"start":{"line":73,"column":16},"end":{"line":73,"column":null}},"type":"if","locations":[{"start":{"line":73,"column":16},"end":{"line":73,"column":null}},{"start":{},"end":{}}],"line":73},"9":{"loc":{"start":{"line":79,"column":19},"end":{"line":79,"column":null}},"type":"cond-expr","locations":[{"start":{"line":79,"column":38},"end":{"line":79,"column":48}},{"start":{"line":79,"column":48},"end":{"line":79,"column":null}}],"line":79},"10":{"loc":{"start":{"line":84,"column":6},"end":{"line":88,"column":null}},"type":"if","locations":[{"start":{"line":84,"column":6},"end":{"line":88,"column":null}},{"start":{},"end":{}}],"line":84},"11":{"loc":{"start":{"line":84,"column":17},"end":{"line":84,"column":58}},"type":"binary-expr","locations":[{"start":{"line":84,"column":17},"end":{"line":84,"column":32}},{"start":{"line":84,"column":32},"end":{"line":84,"column":58}}],"line":84},"12":{"loc":{"start":{"line":103,"column":4},"end":{"line":106,"column":null}},"type":"if","locations":[{"start":{"line":103,"column":4},"end":{"line":106,"column":null}},{"start":{},"end":{}}],"line":103},"13":{"loc":{"start":{"line":104,"column":28},"end":{"line":104,"column":null}},"type":"binary-expr","locations":[{"start":{"line":104,"column":28},"end":{"line":104,"column":60}},{"start":{"line":104,"column":60},"end":{"line":104,"column":null}}],"line":104},"14":{"loc":{"start":{"line":113,"column":7},"end":{"line":125,"column":null}},"type":"if","locations":[{"start":{"line":113,"column":7},"end":{"line":125,"column":null}},{"start":{},"end":{}}],"line":113},"15":{"loc":{"start":{"line":113,"column":11},"end":{"line":113,"column":72}},"type":"binary-expr","locations":[{"start":{"line":113,"column":11},"end":{"line":113,"column":23}},{"start":{"line":113,"column":23},"end":{"line":113,"column":52}},{"start":{"line":113,"column":52},"end":{"line":113,"column":72}}],"line":113},"16":{"loc":{"start":{"line":122,"column":10},"end":{"line":124,"column":null}},"type":"if","locations":[{"start":{"line":122,"column":10},"end":{"line":124,"column":null}},{"start":{},"end":{}}],"line":122},"17":{"loc":{"start":{"line":122,"column":14},"end":{"line":122,"column":73}},"type":"binary-expr","locations":[{"start":{"line":122,"column":14},"end":{"line":122,"column":40}},{"start":{"line":122,"column":40},"end":{"line":122,"column":73}}],"line":122},"18":{"loc":{"start":{"line":130,"column":35},"end":{"line":130,"column":91}},"type":"cond-expr","locations":[{"start":{"line":130,"column":58},"end":{"line":130,"column":90}},{"start":{"line":130,"column":90},"end":{"line":130,"column":91}}],"line":130},"19":{"loc":{"start":{"line":136,"column":24},"end":{"line":136,"column":64}},"type":"cond-expr","locations":[{"start":{"line":136,"column":44},"end":{"line":136,"column":51}},{"start":{"line":136,"column":51},"end":{"line":136,"column":64}}],"line":136},"20":{"loc":{"start":{"line":144,"column":6},"end":{"line":146,"column":null}},"type":"if","locations":[{"start":{"line":144,"column":6},"end":{"line":146,"column":null}},{"start":{},"end":{}}],"line":144},"21":{"loc":{"start":{"line":145,"column":23},"end":{"line":145,"column":76}},"type":"cond-expr","locations":[{"start":{"line":145,"column":44},"end":{"line":145,"column":74}},{"start":{"line":145,"column":74},"end":{"line":145,"column":76}}],"line":145},"22":{"loc":{"start":{"line":162,"column":4},"end":{"line":166,"column":null}},"type":"if","locations":[{"start":{"line":162,"column":4},"end":{"line":166,"column":null}},{"start":{},"end":{}}],"line":162},"23":{"loc":{"start":{"line":167,"column":20},"end":{"line":167,"column":null}},"type":"cond-expr","locations":[{"start":{"line":167,"column":70},"end":{"line":167,"column":108}},{"start":{"line":167,"column":108},"end":{"line":167,"column":null}}],"line":167},"24":{"loc":{"start":{"line":167,"column":20},"end":{"line":167,"column":70}},"type":"binary-expr","locations":[{"start":{"line":167,"column":20},"end":{"line":167,"column":40}},{"start":{"line":167,"column":40},"end":{"line":167,"column":70}}],"line":167},"25":{"loc":{"start":{"line":192,"column":8},"end":{"line":194,"column":null}},"type":"if","locations":[{"start":{"line":192,"column":8},"end":{"line":194,"column":null}},{"start":{},"end":{}}],"line":192},"26":{"loc":{"start":{"line":193,"column":25},"end":{"line":193,"column":78}},"type":"cond-expr","locations":[{"start":{"line":193,"column":46},"end":{"line":193,"column":76}},{"start":{"line":193,"column":76},"end":{"line":193,"column":78}}],"line":193},"27":{"loc":{"start":{"line":206,"column":38},"end":{"line":206,"column":78}},"type":"binary-expr","locations":[{"start":{"line":206,"column":38},"end":{"line":206,"column":59}},{"start":{"line":206,"column":59},"end":{"line":206,"column":78}}],"line":206},"28":{"loc":{"start":{"line":207,"column":6},"end":{"line":209,"column":null}},"type":"if","locations":[{"start":{"line":207,"column":6},"end":{"line":209,"column":null}},{"start":{},"end":{}}],"line":207},"29":{"loc":{"start":{"line":208,"column":29},"end":{"line":208,"column":112}},"type":"cond-expr","locations":[{"start":{"line":208,"column":52},"end":{"line":208,"column":111}},{"start":{"line":208,"column":111},"end":{"line":208,"column":112}}],"line":208},"30":{"loc":{"start":{"line":212,"column":24},"end":{"line":212,"column":76}},"type":"cond-expr","locations":[{"start":{"line":212,"column":50},"end":{"line":212,"column":57}},{"start":{"line":212,"column":57},"end":{"line":212,"column":76}}],"line":212},"31":{"loc":{"start":{"line":218,"column":4},"end":{"line":222,"column":null}},"type":"if","locations":[{"start":{"line":218,"column":4},"end":{"line":222,"column":null}},{"start":{},"end":{}}],"line":218},"32":{"loc":{"start":{"line":223,"column":4},"end":{"line":227,"column":null}},"type":"if","locations":[{"start":{"line":223,"column":4},"end":{"line":227,"column":null}},{"start":{},"end":{}}],"line":223},"33":{"loc":{"start":{"line":228,"column":4},"end":{"line":232,"column":null}},"type":"if","locations":[{"start":{"line":228,"column":4},"end":{"line":232,"column":null}},{"start":{},"end":{}}],"line":228},"34":{"loc":{"start":{"line":233,"column":4},"end":{"line":237,"column":null}},"type":"if","locations":[{"start":{"line":233,"column":4},"end":{"line":237,"column":null}},{"start":{},"end":{}}],"line":233},"35":{"loc":{"start":{"line":233,"column":8},"end":{"line":233,"column":86}},"type":"binary-expr","locations":[{"start":{"line":233,"column":8},"end":{"line":233,"column":48}},{"start":{"line":233,"column":48},"end":{"line":233,"column":86}}],"line":233},"36":{"loc":{"start":{"line":245,"column":6},"end":{"line":249,"column":null}},"type":"if","locations":[{"start":{"line":245,"column":6},"end":{"line":249,"column":null}},{"start":{},"end":{}}],"line":245},"37":{"loc":{"start":{"line":251,"column":6},"end":{"line":251,"column":null}},"type":"if","locations":[{"start":{"line":251,"column":6},"end":{"line":251,"column":null}},{"start":{},"end":{}}],"line":251},"38":{"loc":{"start":{"line":258,"column":8},"end":{"line":258,"column":null}},"type":"if","locations":[{"start":{"line":258,"column":8},"end":{"line":258,"column":null}},{"start":{},"end":{}}],"line":258},"39":{"loc":{"start":{"line":262,"column":17},"end":{"line":262,"column":null}},"type":"binary-expr","locations":[{"start":{"line":262,"column":17},"end":{"line":262,"column":32}},{"start":{"line":262,"column":32},"end":{"line":262,"column":null}}],"line":262},"40":{"loc":{"start":{"line":265,"column":10},"end":{"line":276,"column":null}},"type":"if","locations":[{"start":{"line":265,"column":10},"end":{"line":276,"column":null}},{"start":{},"end":{}}],"line":265},"41":{"loc":{"start":{"line":268,"column":14},"end":{"line":272,"column":null}},"type":"if","locations":[{"start":{"line":268,"column":14},"end":{"line":272,"column":null}},{"start":{"line":270,"column":21},"end":{"line":272,"column":null}}],"line":268}},"s":{"0":89,"1":89,"2":1,"3":0,"4":1,"5":1,"6":89,"7":89,"8":89,"9":89,"10":89,"11":89,"12":89,"13":89,"14":89,"15":89,"16":89,"17":23,"18":89,"19":1,"20":1,"21":1,"22":0,"23":0,"24":0,"25":0,"26":89,"27":6,"28":6,"29":0,"30":89,"31":62,"32":62,"33":62,"34":8,"35":8,"36":0,"37":8,"38":0,"39":0,"40":0,"41":0,"42":0,"43":0,"44":0,"45":0,"46":0,"47":0,"48":0,"49":8,"50":54,"51":54,"52":54,"53":54,"54":0,"55":89,"56":62,"57":62,"58":62,"59":62,"60":89,"61":79,"62":23,"63":23,"64":89,"65":31,"66":31,"67":31,"68":0,"69":0,"70":0,"71":0,"72":0,"73":0,"74":0,"75":0,"76":0,"77":0,"78":89,"79":1,"80":1,"81":1,"82":1,"83":1,"84":1,"85":89,"86":23,"87":23,"88":23,"89":89,"90":3,"91":3,"92":3,"93":5,"94":3,"95":3,"96":3,"97":89,"98":1,"99":1,"100":89,"101":1,"102":1,"103":89,"104":3,"105":1,"106":1,"107":1,"108":2,"109":3,"110":3,"111":2,"112":3,"113":2,"114":3,"115":3,"116":3,"117":3,"118":3,"119":89,"120":2,"121":2,"122":2,"123":2,"124":2,"125":0,"126":2,"127":2,"128":0,"129":2,"130":2,"131":2,"132":0,"133":89,"134":4,"135":4,"136":4,"137":4,"138":1,"139":4,"140":1,"141":1,"142":3,"143":4,"144":4,"145":4,"146":4,"147":89,"148":4,"149":1,"150":1,"151":1,"152":1,"153":3,"154":1,"155":1,"156":1,"157":1,"158":2,"159":1,"160":1,"161":1,"162":1,"163":1,"164":0,"165":0,"166":0,"167":0,"168":1,"169":1,"170":1,"171":1,"172":1,"173":0,"174":0,"175":0,"176":0,"177":1,"178":0,"179":1,"180":1,"181":1,"182":1,"183":3,"184":3,"185":1,"186":2,"187":2,"188":2,"189":3,"190":2,"191":2,"192":2,"193":2,"194":1,"195":1,"196":1,"197":1,"198":0,"199":0,"200":0,"201":89},"f":{"0":89,"1":1,"2":1,"3":89,"4":23,"5":1,"6":0,"7":6,"8":62,"9":8,"10":0,"11":0,"12":0,"13":62,"14":62,"15":79,"16":31,"17":31,"18":0,"19":0,"20":1,"21":1,"22":1,"23":1,"24":23,"25":23,"26":3,"27":3,"28":5,"29":1,"30":1,"31":3,"32":2,"33":2,"34":2,"35":2,"36":0,"37":2,"38":0,"39":4,"40":4,"41":1,"42":1,"43":4,"44":4,"45":1,"46":1,"47":1,"48":0,"49":0,"50":1,"51":1,"52":0},"b":{"0":[0,1],"1":[8,54],"2":[62,62],"3":[8,0],"4":[0,0],"5":[0,8],"6":[0,0],"7":[0,0],"8":[0,0],"9":[0,0],"10":[54,0],"11":[54,54],"12":[23,56],"13":[23,23],"14":[0,31],"15":[31,0,0],"16":[0,0],"17":[0,0],"18":[1,0],"19":[1,22],"20":[3,0],"21":[1,2],"22":[1,2],"23":[1,1],"24":[2,1],"25":[2,0],"26":[0,2],"27":[1,0],"28":[1,3],"29":[1,0],"30":[1,3],"31":[1,3],"32":[1,2],"33":[1,1],"34":[0,1],"35":[1,0],"36":[0,1],"37":[0,1],"38":[1,2],"39":[2,2],"40":[2,0],"41":[1,1]},"meta":{"lastBranch":42,"lastFunction":53,"lastStatement":202,"seen":{"f:9:9:9:66":0,"s:10:8:10:Infinity":0,"s:11:2:14:Infinity":1,"f:11:21:11:25":1,"b:12:4:12:Infinity:undefined:undefined:undefined:undefined":0,"s:12:4:12:Infinity":2,"s:12:28:12:Infinity":3,"s:13:4:13:Infinity":4,"f:13:36:13:42":2,"s:13:42:13:61":5,"f:17:16:17:27":3,"s:18:24:18:Infinity":6,"s:19:30:19:Infinity":7,"s:20:36:20:Infinity":8,"s:21:38:21:Infinity":9,"s:23:42:23:Infinity":10,"s:24:42:26:Infinity":11,"s:28:42:28:Infinity":12,"s:29:36:29:Infinity":13,"s:30:46:30:Infinity":14,"s:31:38:31:Infinity":15,"s:33:21:33:Infinity":16,"f:33:32:33:37":4,"s:33:37:33:57":17,"s:36:24:47:Infinity":18,"f:36:45:36:52":5,"s:37:4:46:Infinity":19,"s:38:6:38:Infinity":20,"s:39:6:43:Infinity":21,"f:39:22:39:30":6,"s:40:21:40:Infinity":22,"s:41:8:41:Infinity":23,"s:42:8:42:Infinity":24,"s:45:6:45:Infinity":25,"s:49:8:55:Infinity":26,"f:49:40:49:47":7,"s:50:4:54:Infinity":27,"s:51:6:51:Infinity":28,"s:53:6:53:Infinity":29,"s:57:8:92:Infinity":30,"f:57:33:57:45":8,"s:58:4:91:Infinity":31,"s:59:26:59:Infinity":32,"b:60:6:88:Infinity:84:6:88:Infinity":1,"s:60:6:88:Infinity":33,"b:60:10:60:25:60:25:60:49":2,"s:61:8:83:Infinity":34,"f:61:17:61:30":9,"s:64:25:65:Infinity":35,"b:64:25:64:Infinity:65:12:65:Infinity":3,"f:65:28:65:29":10,"s:65:38:65:98":36,"b:65:38:65:68:65:68:65:98":4,"b:67:10:80:Infinity:undefined:undefined:undefined:undefined":5,"s:67:10:80:Infinity":37,"s:69:35:69:Infinity":38,"s:70:28:78:Infinity":39,"f:70:42:70:55":11,"s:71:33:71:Infinity":40,"f:71:50:71:56":12,"s:71:56:71:78":41,"b:72:14:76:Infinity:undefined:undefined:undefined:undefined":6,"s:72:14:76:Infinity":42,"b:72:18:72:32:72:32:72:74":7,"b:73:16:73:Infinity:undefined:undefined:undefined:undefined":8,"s:73:16:73:Infinity":43,"s:73:50:73:Infinity":44,"s:74:16:74:Infinity":45,"s:75:16:75:Infinity":46,"s:77:14:77:Infinity":47,"s:79:12:79:Infinity":48,"b:79:38:79:48:79:48:79:Infinity":9,"s:82:10:82:Infinity":49,"b:84:6:88:Infinity:undefined:undefined:undefined:undefined":10,"s:84:6:88:Infinity":50,"b:84:17:84:32:84:32:84:58":11,"s:85:8:85:Infinity":51,"s:86:8:86:Infinity":52,"s:87:8:87:Infinity":53,"s:90:6:90:Infinity":54,"s:94:2:99:Infinity":55,"f:94:12:94:18":13,"s:95:4:95:Infinity":56,"s:97:23:97:Infinity":57,"s:98:4:98:Infinity":58,"f:98:11:98:17":14,"s:98:17:98:Infinity":59,"s:102:2:107:Infinity":60,"f:102:12:102:18":15,"b:103:4:106:Infinity:undefined:undefined:undefined:undefined":12,"s:103:4:106:Infinity":61,"s:104:28:104:Infinity":62,"b:104:28:104:60:104:60:104:Infinity":13,"s:105:6:105:Infinity":63,"s:110:2:127:Infinity":64,"f:110:12:110:18":16,"s:111:4:126:Infinity":65,"f:111:5:111:17":17,"s:112:24:112:Infinity":66,"b:113:7:125:Infinity:undefined:undefined:undefined:undefined":14,"s:113:7:125:Infinity":67,"b:113:11:113:23:113:23:113:52:113:52:113:72":15,"s:115:21:115:Infinity":68,"s:116:10:118:Infinity":69,"s:117:13:117:Infinity":70,"s:119:10:119:Infinity":71,"s:120:10:120:Infinity":72,"s:121:10:121:Infinity":73,"f:121:44:121:49":18,"s:121:49:121:75":74,"f:121:81:121:86":19,"s:121:86:121:90":75,"b:122:10:124:Infinity:undefined:undefined:undefined:undefined":16,"s:122:10:124:Infinity":76,"b:122:14:122:40:122:40:122:73":17,"s:123:14:123:Infinity":77,"s:129:8:133:Infinity":78,"f:129:39:129:40":20,"s:130:4:130:Infinity":79,"f:130:13:130:21":21,"s:130:21:130:92":80,"f:130:30:130:35":22,"s:130:35:130:91":81,"b:130:58:130:90:130:90:130:91":18,"s:131:4:131:Infinity":82,"f:131:20:131:28":23,"s:131:28:131:58":83,"s:132:4:132:Infinity":84,"s:135:8:138:Infinity":85,"f:135:31:135:32":24,"s:136:4:136:Infinity":86,"f:136:16:136:24":25,"s:136:24:136:64":87,"b:136:44:136:51:136:51:136:64":19,"s:137:4:137:Infinity":88,"s:140:8:149:Infinity":89,"f:140:31:140:32":26,"s:141:4:141:Infinity":90,"s:142:4:148:Infinity":91,"f:142:16:142:24":27,"s:143:22:143:Infinity":92,"f:143:34:143:39":28,"s:143:39:143:47":93,"b:144:6:146:Infinity:undefined:undefined:undefined:undefined":20,"s:144:6:146:Infinity":94,"s:145:8:145:Infinity":95,"b:145:44:145:74:145:74:145:76":21,"s:147:6:147:Infinity":96,"s:151:8:154:Infinity":97,"f:151:37:151:38":29,"s:152:4:152:Infinity":98,"s:153:4:153:Infinity":99,"s:156:8:159:Infinity":100,"f:156:35:156:41":30,"s:157:4:157:Infinity":101,"s:158:4:158:Infinity":102,"s:161:8:183:Infinity":103,"f:161:39:161:40":31,"b:162:4:166:Infinity:undefined:undefined:undefined:undefined":22,"s:162:4:166:Infinity":104,"s:163:6:163:Infinity":105,"s:164:6:164:Infinity":106,"s:165:6:165:Infinity":107,"s:167:20:167:Infinity":108,"b:167:70:167:108:167:108:167:Infinity":23,"b:167:20:167:40:167:40:167:70":24,"s:168:30:175:Infinity":109,"s:176:4:176:Infinity":110,"f:176:13:176:21":32,"s:176:21:176:39":111,"s:177:4:177:Infinity":112,"f:177:16:177:24":33,"s:177:24:177:45":113,"s:178:4:178:Infinity":114,"s:179:4:179:Infinity":115,"s:180:4:180:Infinity":116,"s:181:4:181:Infinity":117,"s:182:4:182:Infinity":118,"s:185:8:200:Infinity":119,"f:185:39:185:46":34,"s:186:4:186:Infinity":120,"s:187:4:199:Infinity":121,"s:188:6:188:Infinity":122,"s:189:6:189:Infinity":123,"f:189:15:189:23":35,"s:189:23:189:52":124,"f:189:35:189:40":36,"s:189:40:189:51":125,"s:190:6:196:Infinity":126,"f:190:18:190:26":37,"s:191:24:191:Infinity":127,"f:191:36:191:41":38,"s:191:41:191:49":128,"b:192:8:194:Infinity:undefined:undefined:undefined:undefined":25,"s:192:8:194:Infinity":129,"s:193:10:193:Infinity":130,"b:193:46:193:76:193:76:193:78":26,"s:195:8:195:Infinity":131,"s:198:6:198:Infinity":132,"s:202:8:215:Infinity":133,"f:202:41:202:42":39,"s:203:10:203:Infinity":134,"s:204:24:204:Infinity":135,"s:205:4:211:Infinity":136,"f:205:13:205:21":40,"s:206:23:206:Infinity":137,"f:206:33:206:38":41,"s:206:38:206:78":138,"b:206:38:206:59:206:59:206:78":27,"b:207:6:209:Infinity:undefined:undefined:undefined:undefined":28,"s:207:6:209:Infinity":139,"s:208:8:208:Infinity":140,"f:208:24:208:29":42,"s:208:29:208:112":141,"b:208:52:208:111:208:111:208:112":29,"s:210:6:210:Infinity":142,"s:212:4:212:Infinity":143,"f:212:16:212:24":43,"s:212:24:212:76":144,"b:212:50:212:57:212:57:212:76":30,"s:213:4:213:Infinity":145,"s:214:4:214:Infinity":146,"s:217:8:282:Infinity":147,"f:217:30:217:42":44,"b:218:4:222:Infinity:undefined:undefined:undefined:undefined":31,"s:218:4:222:Infinity":148,"s:219:6:219:Infinity":149,"s:220:6:220:Infinity":150,"f:220:24:220:32":45,"s:220:32:220:113":151,"s:221:6:221:Infinity":152,"b:223:4:227:Infinity:undefined:undefined:undefined:undefined":32,"s:223:4:227:Infinity":153,"s:224:6:224:Infinity":154,"s:225:6:225:Infinity":155,"f:225:24:225:32":46,"s:225:32:225:191":156,"s:226:6:226:Infinity":157,"b:228:4:232:Infinity:undefined:undefined:undefined:undefined":33,"s:228:4:232:Infinity":158,"s:229:6:229:Infinity":159,"s:230:6:230:Infinity":160,"f:230:24:230:32":47,"s:230:32:230:149":161,"s:231:6:231:Infinity":162,"b:233:4:237:Infinity:undefined:undefined:undefined:undefined":34,"s:233:4:237:Infinity":163,"b:233:8:233:48:233:48:233:86":35,"s:234:6:234:Infinity":164,"s:235:6:235:Infinity":165,"f:235:24:235:32":48,"s:235:32:235:183":166,"s:236:6:236:Infinity":167,"s:239:4:239:Infinity":168,"s:240:4:240:Infinity":169,"s:242:4:281:Infinity":170,"s:243:23:243:Infinity":171,"b:245:6:249:Infinity:undefined:undefined:undefined:undefined":36,"s:245:6:249:Infinity":172,"s:246:26:246:Infinity":173,"s:247:8:247:Infinity":174,"f:247:26:247:34":49,"s:247:34:247:97":175,"s:248:8:248:Infinity":176,"b:251:6:251:Infinity:undefined:undefined:undefined:undefined":37,"s:251:6:251:Infinity":177,"s:251:26:251:Infinity":178,"s:252:21:252:Infinity":179,"s:253:22:253:Infinity":180,"s:254:19:254:Infinity":181,"s:256:6:278:Infinity":182,"s:257:32:257:Infinity":183,"b:258:8:258:Infinity:undefined:undefined:undefined:undefined":38,"s:258:8:258:Infinity":184,"s:258:18:258:Infinity":185,"s:260:8:260:Infinity":186,"s:261:22:261:Infinity":187,"s:262:8:262:Infinity":188,"b:262:17:262:32:262:32:262:Infinity":39,"s:264:8:277:Infinity":189,"b:265:10:276:Infinity:undefined:undefined:undefined:undefined":40,"s:265:10:276:Infinity":190,"s:266:12:275:Infinity":191,"s:267:27:267:Infinity":192,"b:268:14:272:Infinity:270:21:272:Infinity":41,"s:268:14:272:Infinity":193,"s:269:16:269:Infinity":194,"f:269:34:269:42":50,"s:269:42:269:123":195,"s:271:16:271:Infinity":196,"f:271:34:271:42":51,"s:271:42:271:99":197,"s:274:14:274:Infinity":198,"s:280:6:280:Infinity":199,"f:280:24:280:32":52,"s:280:32:280:82":200,"s:284:2:307:Infinity":201}}}
,"C:\\ai-code-studio\\src\\hooks\\useGit.ts": {"path":"C:\\ai-code-studio\\src\\hooks\\useGit.ts","statementMap":{"0":{"start":{"line":10,"column":32},"end":{"line":10,"column":null}},"1":{"start":{"line":11,"column":40},"end":{"line":11,"column":null}},"2":{"start":{"line":12,"column":38},"end":{"line":12,"column":null}},"3":{"start":{"line":13,"column":32},"end":{"line":13,"column":null}},"4":{"start":{"line":14,"column":44},"end":{"line":14,"column":null}},"5":{"start":{"line":16,"column":8},"end":{"line":29,"column":null}},"6":{"start":{"line":17,"column":4},"end":{"line":28,"column":null}},"7":{"start":{"line":18,"column":19},"end":{"line":18,"column":null}},"8":{"start":{"line":19,"column":6},"end":{"line":19,"column":null}},"9":{"start":{"line":20,"column":6},"end":{"line":25,"column":null}},"10":{"start":{"line":21,"column":23},"end":{"line":21,"column":null}},"11":{"start":{"line":21,"column":53},"end":{"line":21,"column":72}},"12":{"start":{"line":22,"column":8},"end":{"line":24,"column":null}},"13":{"start":{"line":23,"column":10},"end":{"line":23,"column":null}},"14":{"start":{"line":27,"column":6},"end":{"line":27,"column":null}},"15":{"start":{"line":31,"column":8},"end":{"line":39,"column":null}},"16":{"start":{"line":32,"column":4},"end":{"line":32,"column":null}},"17":{"start":{"line":33,"column":4},"end":{"line":38,"column":null}},"18":{"start":{"line":34,"column":6},"end":{"line":34,"column":null}},"19":{"start":{"line":35,"column":6},"end":{"line":35,"column":null}},"20":{"start":{"line":37,"column":6},"end":{"line":37,"column":null}},"21":{"start":{"line":41,"column":8},"end":{"line":49,"column":null}},"22":{"start":{"line":42,"column":4},"end":{"line":42,"column":null}},"23":{"start":{"line":43,"column":4},"end":{"line":48,"column":null}},"24":{"start":{"line":44,"column":6},"end":{"line":44,"column":null}},"25":{"start":{"line":45,"column":6},"end":{"line":45,"column":null}},"26":{"start":{"line":47,"column":6},"end":{"line":47,"column":null}},"27":{"start":{"line":51,"column":8},"end":{"line":59,"column":null}},"28":{"start":{"line":52,"column":4},"end":{"line":52,"column":null}},"29":{"start":{"line":53,"column":4},"end":{"line":58,"column":null}},"30":{"start":{"line":54,"column":6},"end":{"line":54,"column":null}},"31":{"start":{"line":55,"column":6},"end":{"line":55,"column":null}},"32":{"start":{"line":57,"column":6},"end":{"line":57,"column":null}},"33":{"start":{"line":61,"column":8},"end":{"line":71,"column":null}},"34":{"start":{"line":62,"column":4},"end":{"line":62,"column":null}},"35":{"start":{"line":62,"column":31},"end":{"line":62,"column":null}},"36":{"start":{"line":63,"column":4},"end":{"line":63,"column":null}},"37":{"start":{"line":64,"column":4},"end":{"line":70,"column":null}},"38":{"start":{"line":65,"column":6},"end":{"line":65,"column":null}},"39":{"start":{"line":66,"column":6},"end":{"line":66,"column":null}},"40":{"start":{"line":67,"column":6},"end":{"line":67,"column":null}},"41":{"start":{"line":69,"column":6},"end":{"line":69,"column":null}},"42":{"start":{"line":73,"column":8},"end":{"line":83,"column":null}},"43":{"start":{"line":74,"column":4},"end":{"line":74,"column":null}},"44":{"start":{"line":74,"column":27},"end":{"line":74,"column":null}},"45":{"start":{"line":75,"column":4},"end":{"line":75,"column":null}},"46":{"start":{"line":76,"column":4},"end":{"line":82,"column":null}},"47":{"start":{"line":77,"column":6},"end":{"line":77,"column":null}},"48":{"start":{"line":78,"column":6},"end":{"line":78,"column":null}},"49":{"start":{"line":79,"column":6},"end":{"line":79,"column":null}},"50":{"start":{"line":81,"column":6},"end":{"line":81,"column":null}},"51":{"start":{"line":85,"column":8},"end":{"line":100,"column":null}},"52":{"start":{"line":86,"column":4},"end":{"line":86,"column":null}},"53":{"start":{"line":87,"column":4},"end":{"line":99,"column":null}},"54":{"start":{"line":88,"column":19},"end":{"line":88,"column":null}},"55":{"start":{"line":89,"column":6},"end":{"line":95,"column":null}},"56":{"start":{"line":90,"column":8},"end":{"line":90,"column":null}},"57":{"start":{"line":90,"column":34},"end":{"line":90,"column":101}},"58":{"start":{"line":91,"column":8},"end":{"line":91,"column":null}},"59":{"start":{"line":93,"column":8},"end":{"line":93,"column":null}},"60":{"start":{"line":93,"column":34},"end":{"line":93,"column":101}},"61":{"start":{"line":94,"column":8},"end":{"line":94,"column":null}},"62":{"start":{"line":96,"column":6},"end":{"line":96,"column":null}},"63":{"start":{"line":98,"column":6},"end":{"line":98,"column":null}},"64":{"start":{"line":102,"column":8},"end":{"line":118,"column":null}},"65":{"start":{"line":103,"column":4},"end":{"line":103,"column":null}},"66":{"start":{"line":104,"column":4},"end":{"line":117,"column":null}},"67":{"start":{"line":105,"column":19},"end":{"line":105,"column":null}},"68":{"start":{"line":106,"column":6},"end":{"line":113,"column":null}},"69":{"start":{"line":107,"column":8},"end":{"line":107,"column":null}},"70":{"start":{"line":107,"column":34},"end":{"line":107,"column":101}},"71":{"start":{"line":108,"column":8},"end":{"line":108,"column":null}},"72":{"start":{"line":110,"column":8},"end":{"line":110,"column":null}},"73":{"start":{"line":110,"column":34},"end":{"line":110,"column":103}},"74":{"start":{"line":111,"column":8},"end":{"line":111,"column":null}},"75":{"start":{"line":112,"column":8},"end":{"line":112,"column":null}},"76":{"start":{"line":114,"column":6},"end":{"line":114,"column":null}},"77":{"start":{"line":116,"column":6},"end":{"line":116,"column":null}},"78":{"start":{"line":120,"column":2},"end":{"line":134,"column":null}}},"fnMap":{"0":{"name":"useGit","decl":{"start":{"line":5,"column":16},"end":{"line":5,"column":null}},"loc":{"start":{"line":9,"column":2},"end":{"line":135,"column":null}},"line":9},"1":{"name":"(anonymous_1)","decl":{"start":{"line":16,"column":37},"end":{"line":16,"column":49}},"loc":{"start":{"line":16,"column":49},"end":{"line":29,"column":5}},"line":16},"2":{"name":"(anonymous_2)","decl":{"start":{"line":21,"column":41},"end":{"line":21,"column":42}},"loc":{"start":{"line":21,"column":53},"end":{"line":21,"column":72}},"line":21},"3":{"name":"(anonymous_3)","decl":{"start":{"line":31,"column":36},"end":{"line":31,"column":48}},"loc":{"start":{"line":31,"column":48},"end":{"line":39,"column":5}},"line":31},"4":{"name":"(anonymous_4)","decl":{"start":{"line":41,"column":37},"end":{"line":41,"column":44}},"loc":{"start":{"line":41,"column":61},"end":{"line":49,"column":5}},"line":41},"5":{"name":"(anonymous_5)","decl":{"start":{"line":51,"column":39},"end":{"line":51,"column":46}},"loc":{"start":{"line":51,"column":63},"end":{"line":59,"column":5}},"line":51},"6":{"name":"(anonymous_6)","decl":{"start":{"line":61,"column":38},"end":{"line":61,"column":50}},"loc":{"start":{"line":61,"column":50},"end":{"line":71,"column":5}},"line":61},"7":{"name":"(anonymous_7)","decl":{"start":{"line":73,"column":38},"end":{"line":73,"column":50}},"loc":{"start":{"line":73,"column":50},"end":{"line":83,"column":5}},"line":73},"8":{"name":"(anonymous_8)","decl":{"start":{"line":85,"column":36},"end":{"line":85,"column":48}},"loc":{"start":{"line":85,"column":48},"end":{"line":100,"column":5}},"line":85},"9":{"name":"(anonymous_9)","decl":{"start":{"line":90,"column":26},"end":{"line":90,"column":34}},"loc":{"start":{"line":90,"column":34},"end":{"line":90,"column":101}},"line":90},"10":{"name":"(anonymous_10)","decl":{"start":{"line":93,"column":26},"end":{"line":93,"column":34}},"loc":{"start":{"line":93,"column":34},"end":{"line":93,"column":101}},"line":93},"11":{"name":"(anonymous_11)","decl":{"start":{"line":102,"column":36},"end":{"line":102,"column":48}},"loc":{"start":{"line":102,"column":48},"end":{"line":118,"column":5}},"line":102},"12":{"name":"(anonymous_12)","decl":{"start":{"line":107,"column":26},"end":{"line":107,"column":34}},"loc":{"start":{"line":107,"column":34},"end":{"line":107,"column":101}},"line":107},"13":{"name":"(anonymous_13)","decl":{"start":{"line":110,"column":26},"end":{"line":110,"column":34}},"loc":{"start":{"line":110,"column":34},"end":{"line":110,"column":103}},"line":110}},"branchMap":{"0":{"loc":{"start":{"line":20,"column":6},"end":{"line":25,"column":null}},"type":"if","locations":[{"start":{"line":20,"column":6},"end":{"line":25,"column":null}},{"start":{},"end":{}}],"line":20},"1":{"loc":{"start":{"line":20,"column":10},"end":{"line":20,"column":51}},"type":"binary-expr","locations":[{"start":{"line":20,"column":10},"end":{"line":20,"column":26}},{"start":{"line":20,"column":26},"end":{"line":20,"column":51}}],"line":20},"2":{"loc":{"start":{"line":22,"column":8},"end":{"line":24,"column":null}},"type":"if","locations":[{"start":{"line":22,"column":8},"end":{"line":24,"column":null}},{"start":{},"end":{}}],"line":22},"3":{"loc":{"start":{"line":22,"column":12},"end":{"line":22,"column":40}},"type":"binary-expr","locations":[{"start":{"line":22,"column":12},"end":{"line":22,"column":22}},{"start":{"line":22,"column":22},"end":{"line":22,"column":40}}],"line":22},"4":{"loc":{"start":{"line":62,"column":4},"end":{"line":62,"column":null}},"type":"if","locations":[{"start":{"line":62,"column":4},"end":{"line":62,"column":null}},{"start":{},"end":{}}],"line":62},"5":{"loc":{"start":{"line":74,"column":4},"end":{"line":74,"column":null}},"type":"if","locations":[{"start":{"line":74,"column":4},"end":{"line":74,"column":null}},{"start":{},"end":{}}],"line":74},"6":{"loc":{"start":{"line":89,"column":6},"end":{"line":95,"column":null}},"type":"if","locations":[{"start":{"line":89,"column":6},"end":{"line":95,"column":null}},{"start":{"line":92,"column":13},"end":{"line":95,"column":null}}],"line":89},"7":{"loc":{"start":{"line":106,"column":6},"end":{"line":113,"column":null}},"type":"if","locations":[{"start":{"line":106,"column":6},"end":{"line":113,"column":null}},{"start":{"line":109,"column":13},"end":{"line":113,"column":null}}],"line":106}},"s":{"0":26,"1":26,"2":26,"3":26,"4":26,"5":26,"6":12,"7":12,"8":11,"9":11,"10":1,"11":1,"12":1,"13":1,"14":1,"15":26,"16":2,"17":2,"18":2,"19":2,"20":2,"21":26,"22":1,"23":1,"24":1,"25":1,"26":1,"27":26,"28":1,"29":1,"30":1,"31":1,"32":1,"33":26,"34":2,"35":1,"36":1,"37":1,"38":1,"39":1,"40":1,"41":1,"42":26,"43":0,"44":0,"45":0,"46":0,"47":0,"48":0,"49":0,"50":0,"51":26,"52":2,"53":2,"54":2,"55":2,"56":1,"57":0,"58":1,"59":1,"60":0,"61":1,"62":2,"63":2,"64":26,"65":2,"66":2,"67":2,"68":2,"69":1,"70":0,"71":1,"72":1,"73":0,"74":1,"75":1,"76":2,"77":2,"78":26},"f":{"0":26,"1":12,"2":1,"3":2,"4":1,"5":1,"6":2,"7":0,"8":2,"9":0,"10":0,"11":2,"12":0,"13":0},"b":{"0":[1,10],"1":[11,11],"2":[1,0],"3":[1,1],"4":[1,1],"5":[0,0],"6":[1,1],"7":[1,1]},"meta":{"lastBranch":8,"lastFunction":14,"lastStatement":79,"seen":{"f:5:16:5:Infinity":0,"s:10:32:10:Infinity":0,"s:11:40:11:Infinity":1,"s:12:38:12:Infinity":2,"s:13:32:13:Infinity":3,"s:14:44:14:Infinity":4,"s:16:8:29:Infinity":5,"f:16:37:16:49":1,"s:17:4:28:Infinity":6,"s:18:19:18:Infinity":7,"s:19:6:19:Infinity":8,"b:20:6:25:Infinity:undefined:undefined:undefined:undefined":0,"s:20:6:25:Infinity":9,"b:20:10:20:26:20:26:20:51":1,"s:21:23:21:Infinity":10,"f:21:41:21:42":2,"s:21:53:21:72":11,"b:22:8:24:Infinity:undefined:undefined:undefined:undefined":2,"s:22:8:24:Infinity":12,"b:22:12:22:22:22:22:22:40":3,"s:23:10:23:Infinity":13,"s:27:6:27:Infinity":14,"s:31:8:39:Infinity":15,"f:31:36:31:48":3,"s:32:4:32:Infinity":16,"s:33:4:38:Infinity":17,"s:34:6:34:Infinity":18,"s:35:6:35:Infinity":19,"s:37:6:37:Infinity":20,"s:41:8:49:Infinity":21,"f:41:37:41:44":4,"s:42:4:42:Infinity":22,"s:43:4:48:Infinity":23,"s:44:6:44:Infinity":24,"s:45:6:45:Infinity":25,"s:47:6:47:Infinity":26,"s:51:8:59:Infinity":27,"f:51:39:51:46":5,"s:52:4:52:Infinity":28,"s:53:4:58:Infinity":29,"s:54:6:54:Infinity":30,"s:55:6:55:Infinity":31,"s:57:6:57:Infinity":32,"s:61:8:71:Infinity":33,"f:61:38:61:50":6,"b:62:4:62:Infinity:undefined:undefined:undefined:undefined":4,"s:62:4:62:Infinity":34,"s:62:31:62:Infinity":35,"s:63:4:63:Infinity":36,"s:64:4:70:Infinity":37,"s:65:6:65:Infinity":38,"s:66:6:66:Infinity":39,"s:67:6:67:Infinity":40,"s:69:6:69:Infinity":41,"s:73:8:83:Infinity":42,"f:73:38:73:50":7,"b:74:4:74:Infinity:undefined:undefined:undefined:undefined":5,"s:74:4:74:Infinity":43,"s:74:27:74:Infinity":44,"s:75:4:75:Infinity":45,"s:76:4:82:Infinity":46,"s:77:6:77:Infinity":47,"s:78:6:78:Infinity":48,"s:79:6:79:Infinity":49,"s:81:6:81:Infinity":50,"s:85:8:100:Infinity":51,"f:85:36:85:48":8,"s:86:4:86:Infinity":52,"s:87:4:99:Infinity":53,"s:88:19:88:Infinity":54,"b:89:6:95:Infinity:92:13:95:Infinity":6,"s:89:6:95:Infinity":55,"s:90:8:90:Infinity":56,"f:90:26:90:34":9,"s:90:34:90:101":57,"s:91:8:91:Infinity":58,"s:93:8:93:Infinity":59,"f:93:26:93:34":10,"s:93:34:93:101":60,"s:94:8:94:Infinity":61,"s:96:6:96:Infinity":62,"s:98:6:98:Infinity":63,"s:102:8:118:Infinity":64,"f:102:36:102:48":11,"s:103:4:103:Infinity":65,"s:104:4:117:Infinity":66,"s:105:19:105:Infinity":67,"b:106:6:113:Infinity:109:13:113:Infinity":7,"s:106:6:113:Infinity":68,"s:107:8:107:Infinity":69,"f:107:26:107:34":12,"s:107:34:107:101":70,"s:108:8:108:Infinity":71,"s:110:8:110:Infinity":72,"f:110:26:110:34":13,"s:110:34:110:103":73,"s:111:8:111:Infinity":74,"s:112:8:112:Infinity":75,"s:114:6:114:Infinity":76,"s:116:6:116:Infinity":77,"s:120:2:134:Infinity":78}}}
}
